<?xml version="1.0" encoding="UTF-8"?>
<testng-results ignored="0" total="1" passed="1" failed="0" skipped="0">
  <reporter-output>
  </reporter-output>
  <suite started-at="2025-11-17T16:42:56 IST" name="Default suite" finished-at="2025-11-17T16:43:11 IST" duration-ms="15113">
    <groups>
    </groups>
    <test started-at="2025-11-17T16:42:56 IST" name="Default test" finished-at="2025-11-17T16:43:11 IST" duration-ms="15113">
      <class name="com.chemia.inventory.testbase.DummyAutomation">
        <test-method is-config="true" signature="setUp()[pri:0, instance:com.chemia.inventory.testbase.DummyAutomation@2ea6e30c]" started-at="2025-11-17T16:42:56 IST" name="setUp" finished-at="2025-11-17T16:42:59 IST" duration-ms="2688" status="PASS">
          <reporter-output>
          </reporter-output>
        </test-method> <!-- setUp -->
        <test-method signature="testCaseDummy()[pri:0, instance:com.chemia.inventory.testbase.DummyAutomation@2ea6e30c]" started-at="2025-11-17T16:42:59 IST" name="testCaseDummy" finished-at="2025-11-17T16:43:11 IST" duration-ms="11740" status="PASS">
          <reporter-output>
          </reporter-output>
        </test-method> <!-- testCaseDummy -->
        <test-method is-config="true" signature="tearDown()[pri:0, instance:com.chemia.inventory.testbase.DummyAutomation@2ea6e30c]" started-at="2025-11-17T16:43:11 IST" name="tearDown" finished-at="2025-11-17T16:43:11 IST" duration-ms="620" status="PASS">
          <reporter-output>
          </reporter-output>
        </test-method> <!-- tearDown -->
      </class> <!-- com.chemia.inventory.testbase.DummyAutomation -->
    </test> <!-- Default test -->
  </suite> <!-- Default suite -->
</testng-results>
